<?xml version="1.0" encoding="UTF-8"?>
<!-- Generated by org.testng.reporters.JUnitReportReporter -->
<testsuite skipped="0" hostname="THR028" name="PracticeExercises.TestNG_ParametersandDataProviders" tests="24" failures="0" timestamp="11 Jul 2017 20:00:48 GMT" time="0.056" errors="0">
  <testcase name="CharToASCIITest" time="0.001" classname="PracticeExercises.TestNG_ParametersandDataProviders"/>
  <testcase name="ASCIIToCharTest" time="0.001" classname="PracticeExercises.TestNG_ParametersandDataProviders"/>
  <testcase name="ASCIIToCharTest" time="0.001" classname="PracticeExercises.TestNG_ParametersandDataProviders"/>
  <testcase name="CharToASCIITest" time="0.002" classname="PracticeExercises.TestNG_ParametersandDataProviders"/>
  <testcase name="CharToASCIITest" time="0.000" classname="PracticeExercises.TestNG_ParametersandDataProviders"/>
  <testcase name="CharToASCIITest" time="0.002" classname="PracticeExercises.TestNG_ParametersandDataProviders"/>
  <testcase name="CharToASCIITest" time="0.001" classname="PracticeExercises.TestNG_ParametersandDataProviders"/>
  <testcase name="CharToASCIITest" time="0.001" classname="PracticeExercises.TestNG_ParametersandDataProviders"/>
  <testcase name="CharToASCIITest" time="0.002" classname="PracticeExercises.TestNG_ParametersandDataProviders"/>
  <testcase name="ASCIIToCharTest" time="0.001" classname="PracticeExercises.TestNG_ParametersandDataProviders"/>
  <testcase name="CharToASCIITest" time="0.006" classname="PracticeExercises.TestNG_ParametersandDataProviders"/>
  <testcase name="CharToASCIITest" time="0.001" classname="PracticeExercises.TestNG_ParametersandDataProviders"/>
  <testcase name="CharToASCIITest" time="0.001" classname="PracticeExercises.TestNG_ParametersandDataProviders"/>
  <testcase name="ASCIIToCharTest" time="0.018" classname="PracticeExercises.TestNG_ParametersandDataProviders"/>
  <testcase name="ASCIIToCharTest" time="0.001" classname="PracticeExercises.TestNG_ParametersandDataProviders"/>
  <testcase name="CharToASCIITest" time="0.002" classname="PracticeExercises.TestNG_ParametersandDataProviders"/>
  <testcase name="ASCIIToCharTest" time="0.001" classname="PracticeExercises.TestNG_ParametersandDataProviders"/>
  <testcase name="ASCIIToCharTest" time="0.002" classname="PracticeExercises.TestNG_ParametersandDataProviders"/>
  <testcase name="ASCIIToCharTest" time="0.002" classname="PracticeExercises.TestNG_ParametersandDataProviders"/>
  <testcase name="ASCIIToCharTest" time="0.003" classname="PracticeExercises.TestNG_ParametersandDataProviders"/>
  <testcase name="ASCIIToCharTest" time="0.002" classname="PracticeExercises.TestNG_ParametersandDataProviders"/>
  <testcase name="CharToASCIITest" time="0.001" classname="PracticeExercises.TestNG_ParametersandDataProviders"/>
  <testcase name="ASCIIToCharTest" time="0.001" classname="PracticeExercises.TestNG_ParametersandDataProviders"/>
  <testcase name="ASCIIToCharTest" time="0.003" classname="PracticeExercises.TestNG_ParametersandDataProviders"/>
</testsuite> <!-- PracticeExercises.TestNG_ParametersandDataProviders -->
