<?xml version="1.0" encoding="UTF-8"?>
<!-- Generated by org.testng.reporters.JUnitReportReporter -->
<testsuite skipped="0" hostname="THR028" name="PracticeExercises.CharUtilsTest" tests="24" failures="0" timestamp="02 Jun 2017 18:29:13 GMT" time="0.060" errors="0">
  <testcase name="CharToASCIITest" time="0.002" classname="PracticeExercises.CharUtilsTest"/>
  <testcase name="ASCIIToCharTest" time="0.002" classname="PracticeExercises.CharUtilsTest"/>
  <testcase name="ASCIIToCharTest" time="0.002" classname="PracticeExercises.CharUtilsTest"/>
  <testcase name="CharToASCIITest" time="0.001" classname="PracticeExercises.CharUtilsTest"/>
  <testcase name="CharToASCIITest" time="0.002" classname="PracticeExercises.CharUtilsTest"/>
  <testcase name="CharToASCIITest" time="0.002" classname="PracticeExercises.CharUtilsTest"/>
  <testcase name="CharToASCIITest" time="0.001" classname="PracticeExercises.CharUtilsTest"/>
  <testcase name="CharToASCIITest" time="0.003" classname="PracticeExercises.CharUtilsTest"/>
  <testcase name="CharToASCIITest" time="0.001" classname="PracticeExercises.CharUtilsTest"/>
  <testcase name="ASCIIToCharTest" time="0.002" classname="PracticeExercises.CharUtilsTest"/>
  <testcase name="CharToASCIITest" time="0.001" classname="PracticeExercises.CharUtilsTest"/>
  <testcase name="CharToASCIITest" time="0.003" classname="PracticeExercises.CharUtilsTest"/>
  <testcase name="CharToASCIITest" time="0.001" classname="PracticeExercises.CharUtilsTest"/>
  <testcase name="ASCIIToCharTest" time="0.016" classname="PracticeExercises.CharUtilsTest"/>
  <testcase name="ASCIIToCharTest" time="0.002" classname="PracticeExercises.CharUtilsTest"/>
  <testcase name="CharToASCIITest" time="0.002" classname="PracticeExercises.CharUtilsTest"/>
  <testcase name="ASCIIToCharTest" time="0.003" classname="PracticeExercises.CharUtilsTest"/>
  <testcase name="ASCIIToCharTest" time="0.002" classname="PracticeExercises.CharUtilsTest"/>
  <testcase name="ASCIIToCharTest" time="0.004" classname="PracticeExercises.CharUtilsTest"/>
  <testcase name="ASCIIToCharTest" time="0.001" classname="PracticeExercises.CharUtilsTest"/>
  <testcase name="ASCIIToCharTest" time="0.002" classname="PracticeExercises.CharUtilsTest"/>
  <testcase name="CharToASCIITest" time="0.001" classname="PracticeExercises.CharUtilsTest"/>
  <testcase name="ASCIIToCharTest" time="0.002" classname="PracticeExercises.CharUtilsTest"/>
  <testcase name="ASCIIToCharTest" time="0.002" classname="PracticeExercises.CharUtilsTest"/>
</testsuite> <!-- PracticeExercises.CharUtilsTest -->
