<?xml version="1.0" encoding="UTF-8"?>
<!-- Generated by org.testng.reporters.JUnitReportReporter -->
<testsuite skipped="0" hostname="THR028" name="PracticeExercises.dependonMethods" tests="3" failures="0" timestamp="27 Sep 2017 15:32:15 GMT" time="0.000" errors="0">
  <testcase name="testThree" time="0.000" classname="PracticeExercises.dependonMethods"/>
  <testcase name="testTwo" time="0.000" classname="PracticeExercises.dependonMethods"/>
  <testcase name="testOne" time="0.000" classname="PracticeExercises.dependonMethods"/>
</testsuite> <!-- PracticeExercises.dependonMethods -->
