<?xml version="1.0" encoding="UTF-8"?>
<!-- Generated by org.testng.reporters.JUnitReportReporter -->
<testsuite skipped="0" hostname="THR028" name="PracticeExercises.dependentonGroups" tests="3" failures="0" timestamp="02 May 2017 11:51:21 GMT" time="0.009" errors="0">
  <testcase name="groupTestOne" time="0.006" classname="PracticeExercises.dependentonGroups"/>
  <testcase name="groupTestTwo" time="0.002" classname="PracticeExercises.dependentonGroups"/>
  <testcase name="groupTestThree" time="0.001" classname="PracticeExercises.dependentonGroups"/>
</testsuite> <!-- PracticeExercises.dependentonGroups -->
