<?xml version="1.0" encoding="UTF-8"?>
<!-- Generated by org.testng.reporters.JUnitReportReporter -->
<testsuite skipped="0" hostname="THR028" name="PracticeExercises.dependonGroups" tests="3" failures="0" timestamp="01 Jun 2017 16:52:22 GMT" time="0.014" errors="0">
  <testcase name="groupTestOne" time="0.003" classname="PracticeExercises.dependonGroups"/>
  <testcase name="groupTestTwo" time="0.002" classname="PracticeExercises.dependonGroups"/>
  <testcase name="groupTestThree" time="0.009" classname="PracticeExercises.dependonGroups"/>
</testsuite> <!-- PracticeExercises.dependonGroups -->
