<?xml version="1.0" encoding="UTF-8"?>
<!-- Generated by org.testng.reporters.JUnitReportReporter -->
<testsuite skipped="0" hostname="THR028" name="PracticeExercises.ClassTwo" tests="1" failures="0" timestamp="01 Jun 2017 14:25:47 GMT" time="8.486" errors="0">
  <testcase name="test" time="8.486" classname="PracticeExercises.ClassTwo"/>
</testsuite> <!-- PracticeExercises.ClassTwo -->
