<?xml version="1.0" encoding="UTF-8"?>
<!-- Generated by org.testng.reporters.JUnitReportReporter -->
<testsuite skipped="0" hostname="THR028" name="PracticeExercises.parallelTest" tests="2" failures="0" timestamp="05 May 2017 17:05:14 GMT" time="0.049" errors="0">
  <testcase name="testMethodsTwo" time="0.025" classname="PracticeExercises.parallelTest"/>
  <testcase name="testMethodsOne" time="0.024" classname="PracticeExercises.parallelTest"/>
</testsuite> <!-- PracticeExercises.parallelTest -->
