<?xml version="1.0" encoding="UTF-8"?>
<!-- Generated by org.testng.reporters.JUnitReportReporter -->
<testsuite skipped="0" hostname="THR028" name="PracticeExercises.ClassOne" tests="1" failures="0" timestamp="01 Jun 2017 14:25:47 GMT" time="6.450" errors="0">
  <testcase name="test" time="6.450" classname="PracticeExercises.ClassOne"/>
</testsuite> <!-- PracticeExercises.ClassOne -->
