<?xml version="1.0" encoding="UTF-8"?>
<!-- Generated by org.testng.reporters.JUnitReportReporter -->
<testsuite skipped="0" hostname="THR028" name="PracticeExercises.dependonGroups" tests="3" failures="0" timestamp="14 Jul 2017 13:58:18 GMT" time="0.016" errors="0">
  <testcase name="groupTestThree" time="0.000" classname="PracticeExercises.dependonGroups"/>
  <testcase name="groupTestOne" time="0.000" classname="PracticeExercises.dependonGroups"/>
  <testcase name="groupTestTwo" time="0.016" classname="PracticeExercises.dependonGroups"/>
</testsuite> <!-- PracticeExercises.dependonGroups -->
