<?xml version="1.0" encoding="UTF-8"?>
<!-- Generated by org.testng.reporters.JUnitReportReporter -->
<testsuite skipped="0" hostname="THR028" name="Examples.DependencyTestUsingAnnotation" tests="3" failures="0" timestamp="12 Jul 2017 13:36:54 GMT" time="0.024" errors="0">
  <testcase name="testSalutationMessage" time="0.002" classname="Examples.DependencyTestUsingAnnotation"/>
  <testcase name="testPrintMessage" time="0.007" classname="Examples.DependencyTestUsingAnnotation"/>
  <testcase name="initEnvironmentTest" time="0.015" classname="Examples.DependencyTestUsingAnnotation"/>
</testsuite> <!-- Examples.DependencyTestUsingAnnotation -->
