<?xml version="1.0" encoding="UTF-8"?>
<!-- Generated by org.testng.reporters.JUnitReportReporter -->
<testsuite skipped="0" hostname="THR028" name="Examples.Dependent" tests="3" failures="0" timestamp="13 Jul 2017 14:03:04 GMT" time="0.031" errors="0">
  <testcase name="OpenBrowser" time="0.015" classname="Examples.Dependent"/>
  <testcase name="LogOut" time="0.016" classname="Examples.Dependent"/>
  <testcase name="SignIn" time="0.000" classname="Examples.Dependent"/>
</testsuite> <!-- Examples.Dependent -->
