<?xml version="1.0" encoding="UTF-8"?>
<!-- Generated by org.testng.reporters.JUnitReportReporter -->
<testsuite skipped="0" hostname="THR028" name="Examples.ParallelClassesTestOne" tests="2" failures="0" timestamp="04 Oct 2017 12:25:40 GMT" time="0.014" errors="0">
  <testcase name="testMethodOne" time="0.010" classname="Examples.ParallelClassesTestOne"/>
  <testcase name="testMethodTwo" time="0.004" classname="Examples.ParallelClassesTestOne"/>
</testsuite> <!-- Examples.ParallelClassesTestOne -->
