<?xml version="1.0" encoding="UTF-8"?>
<!-- Generated by org.testng.reporters.JUnitReportReporter -->
<testsuite skipped="0" hostname="THR028" name="PracticeExercises.TestListener" tests="1" failures="0" timestamp="04 Oct 2017 12:31:33 GMT" time="0.006" errors="0">
  <testcase name="main" time="0.006" classname="PracticeExercises.TestListener"/>
</testsuite> <!-- PracticeExercises.TestListener -->
