<?xml version="1.0" encoding="UTF-8"?>
<!-- Generated by org.testng.reporters.JUnitReportReporter -->
<testsuite skipped="0" hostname="THR028" name="Examples.MultipleTestPrioritized" tests="4" failures="0" timestamp="27 Sep 2017 17:36:37 GMT" time="0.017" errors="0">
  <testcase name="One" time="0.011" classname="Examples.MultipleTestPrioritized"/>
  <testcase name="Two" time="0.002" classname="Examples.MultipleTestPrioritized"/>
  <testcase name="Three" time="0.002" classname="Examples.MultipleTestPrioritized"/>
  <testcase name="Four" time="0.002" classname="Examples.MultipleTestPrioritized"/>
</testsuite> <!-- Examples.MultipleTestPrioritized -->
