<?xml version="1.0" encoding="UTF-8"?>
<!-- Generated by org.testng.reporters.JUnitReportReporter -->
<testsuite skipped="0" hostname="THR028" name="PracticeExercises.parallelTest" tests="2" failures="0" timestamp="04 Oct 2017 13:43:56 GMT" time="0.016" errors="0">
  <testcase name="testMethodsOne" time="0.013" classname="PracticeExercises.parallelTest"/>
  <testcase name="testMethodsTwo" time="0.003" classname="PracticeExercises.parallelTest"/>
</testsuite> <!-- PracticeExercises.parallelTest -->
