<?xml version="1.0" encoding="UTF-8"?>
<!-- Generated by org.testng.reporters.JUnitReportReporter -->
<testsuite skipped="0" hostname="THR028" name="PracticeExercises.TestNG_TestSuite" tests="1" failures="0" timestamp="12 Jul 2017 15:51:10 GMT" time="3.886" errors="0">
  <testcase name="test" time="3.886" classname="PracticeExercises.TestNG_TestSuite"/>
</testsuite> <!-- PracticeExercises.TestNG_TestSuite -->
