<?xml version="1.0" encoding="UTF-8"?>
<!-- Generated by org.testng.reporters.JUnitReportReporter -->
<testsuite skipped="0" hostname="THR028" name="PracticeExercises.usingAsserts" tests="1" failures="0" timestamp="27 Sep 2017 18:39:21 GMT" time="7.198" errors="0">
  <testcase name="testNGAsserts1" time="7.198" classname="PracticeExercises.usingAsserts"/>
</testsuite> <!-- PracticeExercises.usingAsserts -->
