<?xml version="1.0" encoding="UTF-8"?>
<!-- Generated by org.testng.reporters.JUnitReportReporter -->
<testsuite skipped="0" hostname="THR028" name="PracticeExercises.TestNG_ReportersandAsserts" tests="3" failures="0" timestamp="29 Sep 2017 15:35:29 GMT" time="0.013" errors="0">
  <testcase name="testInt" time="0.002" classname="PracticeExercises.TestNG_ReportersandAsserts"/>
  <testcase name="testArrays" time="0.010" classname="PracticeExercises.TestNG_ReportersandAsserts"/>
  <testcase name="testStrings" time="0.001" classname="PracticeExercises.TestNG_ReportersandAsserts"/>
</testsuite> <!-- PracticeExercises.TestNG_ReportersandAsserts -->
