<?xml version="1.0" encoding="UTF-8"?>
<!-- Generated by org.testng.reporters.JUnitReportReporter -->
<testsuite skipped="0" hostname="THR028" name="PracticeExercises.parallelBrowserTest" tests="2" failures="0" timestamp="14 Jul 2017 14:53:15 GMT" time="0.012" errors="0">
  <testcase name="testMethodsOne" time="0.009" classname="PracticeExercises.parallelBrowserTest"/>
  <testcase name="testMethodsTwo" time="0.003" classname="PracticeExercises.parallelBrowserTest"/>
</testsuite> <!-- PracticeExercises.parallelBrowserTest -->
