<?xml version="1.0" encoding="UTF-8"?>
<!-- Generated by org.testng.reporters.JUnitReportReporter -->
<testsuite skipped="0" hostname="THR028" name="Examples.MultipleTest" tests="4" failures="0" timestamp="03 Oct 2017 20:44:16 GMT" time="0.014" errors="0">
  <testcase name="One" time="0.004" classname="Examples.MultipleTest"/>
  <testcase name="Two" time="0.001" classname="Examples.MultipleTest"/>
  <testcase name="Three" time="0.000" classname="Examples.MultipleTest"/>
  <testcase name="Four" time="0.009" classname="Examples.MultipleTest"/>
</testsuite> <!-- Examples.MultipleTest -->
