<?xml version="1.0" encoding="UTF-8"?>
<!-- Generated by org.testng.reporters.JUnitReportReporter -->
<testsuite skipped="0" hostname="THR028" name="Examples.ParallelMethodTest" tests="2" failures="0" timestamp="04 Oct 2017 12:25:08 GMT" time="0.013" errors="0">
  <testcase name="testMethodsOne" time="0.012" classname="Examples.ParallelMethodTest"/>
  <testcase name="testMethodsTwo" time="0.001" classname="Examples.ParallelMethodTest"/>
</testsuite> <!-- Examples.ParallelMethodTest -->
