<?xml version="1.0" encoding="UTF-8"?>
<!-- Generated by org.testng.reporters.JUnitReportReporter -->
<testsuite skipped="0" hostname="THR028" name="PracticeExercises.ClassTwo" tests="1" failures="0" timestamp="07 Jun 2017 19:33:09 GMT" time="6.415" errors="0">
  <testcase name="test" time="6.415" classname="PracticeExercises.ClassTwo"/>
</testsuite> <!-- PracticeExercises.ClassTwo -->
