<?xml version="1.0" encoding="UTF-8"?>
<!-- Generated by org.testng.reporters.JUnitReportReporter -->
<testsuite skipped="0" hostname="THR028" name="Examples.MultipleTest2NoPriority" tests="4" failures="0" timestamp="27 Sep 2017 17:49:44 GMT" time="0.036" errors="0">
  <testcase name="One" time="0.004" classname="Examples.MultipleTest2NoPriority"/>
  <testcase name="Four" time="0.024" classname="Examples.MultipleTest2NoPriority"/>
  <testcase name="Three" time="0.004" classname="Examples.MultipleTest2NoPriority"/>
  <testcase name="Two" time="0.004" classname="Examples.MultipleTest2NoPriority"/>
</testsuite> <!-- Examples.MultipleTest2NoPriority -->
