<?xml version="1.0" encoding="UTF-8"?>
<!-- Generated by org.testng.reporters.JUnitReportReporter -->
<testsuite skipped="0" hostname="THR028" name="Examples.DependencyTest2UsingAnnotation" tests="3" failures="0" timestamp="14 Jul 2017 13:54:55 GMT" time="0.016" errors="0">
  <testcase name="initEnvironmentTest" time="0.016" classname="Examples.DependencyTest2UsingAnnotation"/>
  <testcase name="testSalutationMessage" time="0.000" classname="Examples.DependencyTest2UsingAnnotation"/>
  <testcase name="testPrintMessage" time="0.000" classname="Examples.DependencyTest2UsingAnnotation"/>
</testsuite> <!-- Examples.DependencyTest2UsingAnnotation -->
