<?xml version="1.0" encoding="UTF-8"?>
<!-- Generated by org.testng.reporters.JUnitReportReporter -->
<testsuite skipped="0" hostname="THR028" name="Examples.DependencyTest1UsingAnnotation" tests="3" failures="0" timestamp="14 Jul 2017 13:54:04 GMT" time="0.000" errors="0">
  <testcase name="testSalutationMessage" time="0.000" classname="Examples.DependencyTest1UsingAnnotation"/>
  <testcase name="testPrintMessage" time="0.000" classname="Examples.DependencyTest1UsingAnnotation"/>
  <testcase name="initEnvironmentTest" time="0.000" classname="Examples.DependencyTest1UsingAnnotation"/>
</testsuite> <!-- Examples.DependencyTest1UsingAnnotation -->
