<?xml version="1.0" encoding="UTF-8"?>
<!-- Generated by org.testng.reporters.JUnitReportReporter -->
<testsuite skipped="0" hostname="THR028" name="Examples.ParallelSuiteTest" tests="1" failures="0" timestamp="04 Oct 2017 12:27:17 GMT" time="0.007" errors="0">
  <testcase name="testMethodOne" time="0.007" classname="Examples.ParallelSuiteTest"/>
</testsuite> <!-- Examples.ParallelSuiteTest -->
