<?xml version="1.0" encoding="UTF-8"?>
<!-- Generated by org.testng.reporters.JUnitReportReporter -->
<testsuite skipped="0" hostname="THR028" name="PracticeExercises.captureScreenshot" tests="1" failures="0" timestamp="05 May 2017 17:12:50 GMT" time="70.093" errors="0">
  <testcase name="captureScreenMethod" time="70.093" classname="PracticeExercises.captureScreenshot"/>
</testsuite> <!-- PracticeExercises.captureScreenshot -->
