<?xml version="1.0" encoding="UTF-8"?>
<!-- Generated by org.testng.reporters.JUnitReportReporter -->
<testsuite skipped="0" hostname="THR028" name="PracticeExercises.TestEmployeeDetails" tests="2" failures="0" timestamp="27 Apr 2017 16:51:31 GMT" time="0.016" errors="0">
  <testcase name="testCalculateYearlySalary" time="0.001" classname="PracticeExercises.TestEmployeeDetails"/>
  <testcase name="testCalculateAppriasal" time="0.015" classname="PracticeExercises.TestEmployeeDetails"/>
</testsuite> <!-- PracticeExercises.TestEmployeeDetails -->
