<?xml version="1.0" encoding="UTF-8"?>
<!-- Generated by org.testng.reporters.JUnitReportReporter -->
<testsuite skipped="0" hostname="THR028" name="PracticeExercises.TestNG_ReportersandAsserts" tests="3" failures="0" timestamp="02 Jun 2017 14:29:30 GMT" time="0.031" errors="0">
  <testcase name="testStrings" time="0.000" classname="PracticeExercises.TestNG_ReportersandAsserts"/>
  <testcase name="testInt" time="0.015" classname="PracticeExercises.TestNG_ReportersandAsserts"/>
  <testcase name="testArrays" time="0.016" classname="PracticeExercises.TestNG_ReportersandAsserts"/>
</testsuite> <!-- PracticeExercises.TestNG_ReportersandAsserts -->
