<?xml version="1.0" encoding="UTF-8"?>
<!-- Generated by org.testng.reporters.JUnitReportReporter -->
<testsuite skipped="0" hostname="THR028" name="PracticeExercises.SampleTest" tests="2" failures="0" timestamp="27 Sep 2017 19:15:34 GMT" time="0.015" errors="0">
  <testcase name="testMethodTwo" time="0.015" classname="PracticeExercises.SampleTest"/>
  <testcase name="testMethodThree" time="0.000" classname="PracticeExercises.SampleTest"/>
</testsuite> <!-- PracticeExercises.SampleTest -->
