<?xml version="1.0" encoding="UTF-8"?>
<!-- Generated by org.testng.reporters.JUnitReportReporter -->
<testsuite skipped="0" hostname="THR028" name="NewTest" tests="1" failures="0" timestamp="25 Sep 2017 19:28:17 GMT" time="0.016" errors="0">
  <testcase name="f" time="0.016" classname="NewTest"/>
</testsuite> <!-- NewTest -->
