<?xml version="1.0" encoding="UTF-8"?>
<!-- Generated by org.testng.reporters.JUnitReportReporter -->
<testsuite skipped="0" hostname="THR028" name="PracticeExercises.ClassOne" tests="1" failures="0" timestamp="11 Jul 2017 14:46:42 GMT" time="3.557" errors="0">
  <testcase name="test" time="3.557" classname="PracticeExercises.ClassOne"/>
</testsuite> <!-- PracticeExercises.ClassOne -->
