<?xml version="1.0" encoding="UTF-8"?>
<!-- Generated by org.testng.reporters.JUnitReportReporter -->
<testsuite skipped="0" hostname="THR028" name="Guru99Project.Day4" tests="1" failures="0" timestamp="06 Oct 2017 17:21:16 GMT" time="4.858" errors="0">
  <testcase name="testLogins" time="4.858" classname="Guru99Project.Day4"/>
</testsuite> <!-- Guru99Project.Day4 -->
