<?xml version="1.0" encoding="UTF-8"?>
<!-- Generated by org.testng.reporters.JUnitReportReporter -->
<testsuite skipped="0" hostname="THR028" name="ProjectPackage.Day1TestNG" tests="1" failures="0" timestamp="26 Sep 2017 16:54:36 GMT" time="5.114" errors="0">
  <testcase name="f" time="5.114" classname="ProjectPackage.Day1TestNG"/>
</testsuite> <!-- ProjectPackage.Day1TestNG -->
