<?xml version="1.0" encoding="UTF-8"?>
<!-- Generated by org.testng.reporters.JUnitXMLReporter -->
<testsuite hostname="THR028" ignored="0" name="Test-method test" tests="2" failures="0" timestamp="05 May 2017 17:05:14 GMT" time="0.048" errors="0">
  <testcase name="testMethodsTwo" time="0.01" classname="PracticeExercises.parallelTest"/>
  <testcase name="testMethodsOne" time="0.012" classname="PracticeExercises.parallelTest"/>
</testsuite> <!-- Test-method test -->
