<?xml version="1.0" encoding="UTF-8"?>
<!-- Generated by org.testng.reporters.JUnitReportReporter -->
<testsuite skipped="0" hostname="THR028" name="webElements.TravelocityFlights" tests="1" failures="0" timestamp="07 Jul 2017 15:39:43 GMT" time="16.690" errors="0">
  <testcase name="test" time="16.690" classname="webElements.TravelocityFlights"/>
</testsuite> <!-- webElements.TravelocityFlights -->
