<?xml version="1.0" encoding="UTF-8"?>
<!-- Generated by org.testng.reporters.JUnitReportReporter -->
<testsuite skipped="0" hostname="THR028" name="advancedReportingPractice.attachingScreenshots" tests="2" failures="0" timestamp="10 May 2017 14:46:41 GMT" time="4.306" errors="0">
  <testcase name="cars" time="2.867" classname="advancedReportingPractice.attachingScreenshots"/>
  <testcase name="takeScreenshot" time="1.439" classname="advancedReportingPractice.attachingScreenshots"/>
</testsuite> <!-- advancedReportingPractice.attachingScreenshots -->
