<?xml version="1.0" encoding="UTF-8"?>
<!-- Generated by org.testng.reporters.JUnitReportReporter -->
<testsuite hostname="THR028" name="Final_Project_Day_3" tests="1" failures="0" timestamp="17 May 2017 19:59:27 GMT" time="2.962" errors="0">
  <testcase name="test" time="2.962" classname="Final_Project_Day_3"/>
</testsuite> <!-- Final_Project_Day_3 -->
