<?xml version="1.0" encoding="UTF-8"?>
<!-- Generated by org.testng.reporters.JUnitReportReporter -->
<testsuite skipped="0" hostname="THR028" name="advancedReportingPractice1.FirstTestNGFile" tests="1" failures="0" timestamp="04 Oct 2017 16:20:42 GMT" time="15.728" errors="0">
  <testcase name="verifyHomepageTitle" time="15.728" classname="advancedReportingPractice1.FirstTestNGFile"/>
</testsuite> <!-- advancedReportingPractice1.FirstTestNGFile -->
