<?xml version="1.0" encoding="UTF-8"?>
<!-- Generated by org.testng.reporters.JUnitReportReporter -->
<testsuite hostname="THR028" name="Final_Project_Day_2" tests="1" failures="0" timestamp="19 May 2017 13:04:17 GMT" time="1.567" errors="0">
  <testcase name="test" time="1.567" classname="Final_Project_Day_2"/>
</testsuite> <!-- Final_Project_Day_2 -->
