<?xml version="1.0" encoding="UTF-8"?>
<!-- Generated by org.testng.reporters.JUnitReportReporter -->
<testsuite skipped="3" hostname="THR028" name="advancedReportingPractice1.ExtentReportsClass" tests="4" failures="0" timestamp="05 Oct 2017 14:38:02 GMT" time="0.000" errors="1">
  <testcase name="passTest" time="0.000" classname="advancedReportingPractice1.ExtentReportsClass">
    <skipped/>
  </testcase> <!-- passTest -->
  <testcase name="skipTest" time="0.000" classname="advancedReportingPractice1.ExtentReportsClass">
    <skipped/>
  </testcase> <!-- skipTest -->
  <testcase name="failTest" time="0.000" classname="advancedReportingPractice1.ExtentReportsClass">
    <skipped/>
  </testcase> <!-- failTest -->
  <testcase name="startReport" time="0.000" classname="advancedReportingPractice1.ExtentReportsClass">
    <error type="java.lang.Error" message="Unresolved compilation problems: 
	The method loadConfig(java.io.File) in the type ExtentReports is not applicable for the arguments (com.gargoylesoftware.htmlunit.javascript.host.file.File)
	The constructor File(String) is not visible
">
      <![CDATA[java.lang.Error: Unresolved compilation problems: 
	The method loadConfig(java.io.File) in the type ExtentReports is not applicable for the arguments (com.gargoylesoftware.htmlunit.javascript.host.file.File)
	The constructor File(String) is not visible

	at advancedReportingPractice1.ExtentReportsClass.startReport(ExtentReportsClass.java:48)
	at sun.reflect.NativeMethodAccessorImpl.invoke0(Native Method)
	at sun.reflect.NativeMethodAccessorImpl.invoke(Unknown Source)
	at sun.reflect.DelegatingMethodAccessorImpl.invoke(Unknown Source)
	at java.lang.reflect.Method.invoke(Unknown Source)
	at org.testng.internal.MethodInvocationHelper.invokeMethod(MethodInvocationHelper.java:108)
	at org.testng.internal.Invoker.invokeConfigurationMethod(Invoker.java:523)
	at org.testng.internal.Invoker.invokeConfigurations(Invoker.java:224)
	at org.testng.internal.Invoker.invokeConfigurations(Invoker.java:146)
	at org.testng.TestRunner.beforeRun(TestRunner.java:626)
	at org.testng.TestRunner.run(TestRunner.java:594)
	at org.testng.SuiteRunner.runTest(SuiteRunner.java:380)
	at org.testng.SuiteRunner.runSequentially(SuiteRunner.java:375)
	at org.testng.SuiteRunner.privateRun(SuiteRunner.java:340)
	at org.testng.SuiteRunner.run(SuiteRunner.java:289)
	at org.testng.SuiteRunnerWorker.runSuite(SuiteRunnerWorker.java:52)
	at org.testng.SuiteRunnerWorker.run(SuiteRunnerWorker.java:86)
	at org.testng.TestNG.runSuitesSequentially(TestNG.java:1301)
	at org.testng.TestNG.runSuitesLocally(TestNG.java:1226)
	at org.testng.TestNG.runSuites(TestNG.java:1144)
	at org.testng.TestNG.run(TestNG.java:1115)
	at org.testng.remote.AbstractRemoteTestNG.run(AbstractRemoteTestNG.java:132)
	at org.testng.remote.RemoteTestNG.initAndRun(RemoteTestNG.java:230)
	at org.testng.remote.RemoteTestNG.main(RemoteTestNG.java:76)
]]>
    </error>
  </testcase> <!-- startReport -->
</testsuite> <!-- advancedReportingPractice1.ExtentReportsClass -->
