<?xml version="1.0" encoding="UTF-8"?>
<!-- Generated by org.testng.reporters.JUnitReportReporter -->
<testsuite skipped="0" hostname="THR028" name="firsttestngpackage.Test1" tests="1" failures="0" timestamp="01 Jun 2017 13:59:30 GMT" time="0.011" errors="0">
  <testcase name="testPrintMessage" time="0.011" classname="firsttestngpackage.Test1"/>
</testsuite> <!-- firsttestngpackage.Test1 -->
