<?xml version="1.0" encoding="UTF-8"?>
<!-- Generated by org.testng.reporters.JUnitReportReporter -->
<testsuite skipped="0" hostname="THR028" name="firsttestngpackage.FirstTestNGFile" tests="1" failures="0" timestamp="25 Sep 2017 19:29:31 GMT" time="16.605" errors="0">
  <testcase name="verifyHomepageTitle" time="16.605" classname="firsttestngpackage.FirstTestNGFile"/>
</testsuite> <!-- firsttestngpackage.FirstTestNGFile -->
