<?xml version="1.0" encoding="UTF-8"?>
<!-- Generated by org.testng.reporters.JUnitReportReporter -->
<testsuite skipped="0" hostname="THR028" name="firsttestngpackage.Test2" tests="1" failures="0" timestamp="01 Jun 2017 13:59:30 GMT" time="0.004" errors="0">
  <testcase name="testSalutationMessage" time="0.004" classname="firsttestngpackage.Test2"/>
</testsuite> <!-- firsttestngpackage.Test2 -->
