<?xml version="1.0" encoding="UTF-8"?>
<!-- Generated by org.testng.reporters.JUnitReportReporter -->
<testsuite skipped="0" hostname="THR028" name="firsttestngpackage.testNGPriorityExample" tests="3" failures="0" timestamp="14 Jul 2017 14:00:09 GMT" time="0.013" errors="0">
  <testcase name="registerAccount" time="0.013" classname="firsttestngpackage.testNGPriorityExample"/>
  <testcase name="login" time="0.000" classname="firsttestngpackage.testNGPriorityExample"/>
  <testcase name="sendEmail" time="0.000" classname="firsttestngpackage.testNGPriorityExample"/>
</testsuite> <!-- firsttestngpackage.testNGPriorityExample -->
