<?xml version="1.0" encoding="UTF-8"?>
<!-- Generated by org.testng.reporters.JUnitReportReporter -->
<testsuite skipped="0" hostname="THR028" name="firsttestngpackage.firsttestnggroup" tests="3" failures="0" timestamp="26 Sep 2017 15:24:56 GMT" time="0.016" errors="0">
  <testcase name="Car2" time="0.000" classname="firsttestngpackage.firsttestnggroup"/>
  <testcase name="Sedan1" time="0.000" classname="firsttestngpackage.firsttestnggroup"/>
  <testcase name="Car1" time="0.016" classname="firsttestngpackage.firsttestnggroup"/>
</testsuite> <!-- firsttestngpackage.firsttestnggroup -->
