<?xml version="1.0" encoding="UTF-8"?>
<!-- Generated by org.testng.reporters.JUnitReportReporter -->
<testsuite skipped="0" hostname="THR028" name="firsttestngpackage.dependonMethods" tests="3" failures="0" timestamp="14 Jul 2017 13:56:28 GMT" time="0.031" errors="0">
  <testcase name="testThree" time="0.015" classname="firsttestngpackage.dependonMethods"/>
  <testcase name="testOne" time="0.016" classname="firsttestngpackage.dependonMethods"/>
  <testcase name="testTwo" time="0.000" classname="firsttestngpackage.dependonMethods"/>
</testsuite> <!-- firsttestngpackage.dependonMethods -->
