<?xml version="1.0" encoding="UTF-8"?>
<!-- Generated by org.testng.reporters.JUnitReportReporter -->
<testsuite skipped="0" hostname="THR028" name="firsttestngpackage.AssertExample1" tests="1" failures="0" timestamp="11 Jul 2017 13:50:46 GMT" time="5.397" errors="0">
  <testcase name="testCaseVerifyHomePage" time="5.397" classname="firsttestngpackage.AssertExample1"/>
</testsuite> <!-- firsttestngpackage.AssertExample1 -->
