<?xml version="1.0" encoding="UTF-8"?>
<!-- Generated by org.testng.reporters.JUnitXMLReporter -->
<testsuite hostname="THR028" ignored="0" name="Test-class test 1" tests="1" failures="0" timestamp="04 Oct 2017 12:27:17 GMT" time="0.03" errors="0">
  <testcase name="testMethodOne" time="0.007" classname="Examples.ParallelSuiteTest"/>
</testsuite> <!-- Test-class test 1 -->
