<?xml version="1.0" encoding="UTF-8"?>
<!-- Generated by org.testng.reporters.JUnitXMLReporter -->
<testsuite hostname="THR028" ignored="0" name="Test-method test" tests="2" failures="0" timestamp="04 Oct 2017 12:28:31 GMT" time="0.039" errors="0">
  <testcase name="testMethodsOne" time="0.006" classname="PracticeExercises.parallelTest"/>
  <testcase name="testMethodsTwo" time="0.008" classname="PracticeExercises.parallelTest"/>
</testsuite> <!-- Test-method test -->
