<?xml version="1.0" encoding="UTF-8"?>
<!-- Generated by org.testng.reporters.JUnitReportReporter -->
<testsuite skipped="0" hostname="THR028" name="PracticeExercises.captureScreenshot" tests="1" failures="0" timestamp="04 Oct 2017 14:52:00 GMT" time="22.642" errors="0">
  <testcase name="captureScreenMethod" time="22.642" classname="PracticeExercises.captureScreenshot"/>
</testsuite> <!-- PracticeExercises.captureScreenshot -->
